<?xml version="1.0" encoding="UTF-8"?>
<!-- Generated by org.testng.reporters.JUnitReportReporter -->
<testsuite hostname="DESKTOP-5U4E5L3" failures="0" tests="1" name="tests.EndToEndOrderTest" time="11.021" errors="0" timestamp="2024-09-03T03:01:13 IST" skipped="0">
  <testcase classname="tests.EndToEndOrderTest" name="Submitorder" time="11.021"/>
  <system-out/>
</testsuite> <!-- tests.EndToEndOrderTest -->
